{
  "RSpec": {
    "coverage": {
      "/Users/craig/Development/RHoK/linguist/config/environments/test.rb": [
        1,
        null,
        null,
        null,
        null,
        null,
        null,
        1,
        null,
        null,
        null,
        null,
        1,
        null,
        null,
        1,
        1,
        null,
        null,
        1,
        1,
        null,
        null,
        1,
        null,
        null,
        1,
        null,
        null,
        null,
        null,
        1,
        null,
        null,
        1,
        null,
        null,
        1,
        null,
        null,
        null,
        null
      ],
      "/Users/craig/Development/RHoK/linguist/config/initializers/assets.rb": [
        null,
        null,
        null,
        1,
        null,
        null,
        null,
        null,
        null,
        null,
        null
      ],
      "/Users/craig/Development/RHoK/linguist/config/initializers/backtrace_silencers.rb": [
        null,
        null,
        null,
        null,
        null,
        null,
        null
      ],
      "/Users/craig/Development/RHoK/linguist/config/initializers/cookies_serializer.rb": [
        null,
        null,
        1
      ],
      "/Users/craig/Development/RHoK/linguist/config/initializers/filter_parameter_logging.rb": [
        null,
        null,
        null,
        1
      ],
      "/Users/craig/Development/RHoK/linguist/config/initializers/inflections.rb": [
        null,
        null,
        null,
        null,
        null,
        null,
        null,
        null,
        null,
        null,
        null,
        null,
        null,
        null,
        null,
        null
      ],
      "/Users/craig/Development/RHoK/linguist/config/initializers/mime_types.rb": [
        null,
        null,
        null,
        null
      ],
      "/Users/craig/Development/RHoK/linguist/config/initializers/session_store.rb": [
        null,
        null,
        1
      ],
      "/Users/craig/Development/RHoK/linguist/config/initializers/wrap_parameters.rb": [
        null,
        null,
        null,
        null,
        null,
        null,
        1,
        1,
        null,
        null,
        null,
        null,
        null,
        null
      ],
      "/Users/craig/Development/RHoK/linguist/config/routes.rb": [
        1,
        1,
        null,
        null,
        null,
        null,
        null,
        null,
        null,
        null,
        null,
        null,
        null,
        null,
        null,
        null,
        null,
        null,
        null,
        null,
        null,
        null,
        null,
        null,
        null,
        null,
        null,
        null,
        null,
        null,
        null,
        null,
        null,
        null,
        null,
        null,
        null,
        null,
        null,
        null,
        null,
        null,
        null,
        null,
        null,
        null,
        null,
        null,
        null,
        null,
        null,
        null,
        null,
        null,
        null,
        null,
        null
      ],
      "/Users/craig/Development/RHoK/linguist/app/helpers/application_helper.rb": [
        1,
        null
      ],
      "/Users/craig/Development/RHoK/linguist/app/helpers/interviews_helper.rb": [
        1,
        null
      ],
      "/Users/craig/Development/RHoK/linguist/app/controllers/interviews_controller.rb": [
        1,
        1,
        null,
        1,
        2,
        null,
        null,
        1,
        null,
        null,
        1,
        null,
        1,
        2,
        null,
        null,
        1,
        0,
        null,
        null
      ],
      "/Users/craig/Development/RHoK/linguist/app/controllers/application_controller.rb": [
        1,
        null,
        null,
        1,
        null
      ],
      "/Users/craig/Development/RHoK/linguist/app/models/interview.rb": [
        1,
        null
      ]
    },
    "timestamp": 1441798733
  }
}
